Сборка начата 28.09.2023 15:10:49.
Уровень детализации журнала: Normal.     1>Проект "D:\study\hello\HelloWorld\HelloWorld\HelloWorld.vcxproj" в узле 2 (целевые объекты Build).
     1>InitializeBuildStatus:
         Обращение к "x64\Debug\HelloWorld.tlog\unsuccessfulbuild".
       ClCompile:
         C:\Program Files\Microsoft Visual Studio\2022\Community\VC\Tools\MSVC\14.37.32822\bin\HostX64\x64\CL.exe /c /ZI /JMC /nologo /W3 /WX- /diagnostics:column /sdl /Od /D _DEBUG /D _CONSOLE /D _UNICODE /D UNICODE /Gm- /EHsc /RTC1 /MDd /GS /fp:precise /Zc:wchar_t /Zc:forScope /Zc:inline /permissive- /Fo"x64\Debug\\" /Fd"x64\Debug\vc143.pdb" /external:W3 /Gd /TP /FC /errorReport:prompt lab2.cpp
         lab2.cpp
       Link:
         C:\Program Files\Microsoft Visual Studio\2022\Community\VC\Tools\MSVC\14.37.32822\bin\HostX64\x64\link.exe /ERRORREPORT:PROMPT /OUT:"D:\study\hello\HelloWorld\x64\Debug\HelloWorld.exe" /INCREMENTAL /ILK:"x64\Debug\HelloWorld.ilk" /NOLOGO kernel32.lib user32.lib gdi32.lib winspool.lib comdlg32.lib advapi32.lib shell32.lib ole32.lib oleaut32.lib uuid.lib odbc32.lib odbccp32.lib /MANIFEST /MANIFESTUAC:"level='asInvoker' uiAccess='false'" /manifest:embed /DEBUG /PDB:"D:\study\hello\HelloWorld\x64\Debug\HelloWorld.pdb" /SUBSYSTEM:CONSOLE /TLBID:1 /DYNAMICBASE /NXCOMPAT /IMPLIB:"D:\study\hello\HelloWorld\x64\Debug\HelloWorld.lib" /MACHINE:X64 x64\Debug\helloworld.obj
         x64\Debug\lab2.obj
         HelloWorld.vcxproj -> D:\study\hello\HelloWorld\x64\Debug\HelloWorld.exe
       TlogCleanup:
         Следующие элементы будут удалены из tlogs, так как они были удалены из проекта или сборки: D:\study\hello\HelloWorld\HelloWorld\x64\Debug\lab2cpp.obj.
       FinalizeBuildStatus:
         Файл "x64\Debug\HelloWorld.tlog\unsuccessfulbuild" удаляется.
         Обращение к "x64\Debug\HelloWorld.tlog\HelloWorld.lastbuildstate".
     1>Сборка проекта "D:\study\hello\HelloWorld\HelloWorld\HelloWorld.vcxproj" завершена (целевые объекты Build).

Сборка успешно завершена.
    Предупреждений: 0
    Ошибок: 0

Прошло времени 00:00:00.92
