Сборка начата 18.01.2024 18:08:03.
Уровень детализации журнала: Normal.     1>Проект "D:\study(1sem)\OPI\lab\lab7\lab7\Lab6\Lab6.vcxproj" в узле 2 (целевые объекты Build).
     1>C:\Program Files\Microsoft Visual Studio\2022\Community\MSBuild\Microsoft\VC\v170\Microsoft.CppBuild.targets(531,5): warning MSB8028: промежуточный каталог (Debug\) содержит файлы, которые используются совместно с другим проектом (Lab6.vcxproj).  Это может привести к ошибкам очистки и перестроения.
     1>InitializeBuildStatus:
         Создание "Debug\Lab7.tlog\unsuccessfulbuild", так как было задано "AlwaysCreate".
         Обращение к "Debug\Lab7.tlog\unsuccessfulbuild".
       ClCompile:
         C:\Program Files\Microsoft Visual Studio\2022\Community\VC\Tools\MSVC\14.37.32822\bin\HostX86\x86\CL.exe /c /ZI /JMC /nologo /W3 /WX- /diagnostics:column /sdl /Od /Oy- /D WIN32 /D _DEBUG /D _CONSOLE /D _UNICODE /D UNICODE /Gm- /EHsc /RTC1 /MDd /GS /fp:precise /Zc:wchar_t /Zc:forScope /Zc:inline /permissive- /Fo"Debug\\" /Fd"Debug\vc143.pdb" /external:W3 /Gd /TP /analyze- /FC /errorReport:prompt calculate_lat.cpp calculate_rus.cpp calculate_digit.cpp lab7.cpp nIterations.cpp
         calculate_lat.cpp
         calculate_rus.cpp
         calculate_digit.cpp
         lab7.cpp
         nIterations.cpp
         Создание кода...
       Link:
         C:\Program Files\Microsoft Visual Studio\2022\Community\VC\Tools\MSVC\14.37.32822\bin\HostX86\x86\link.exe /ERRORREPORT:PROMPT /OUT:"D:\study(1sem)\OPI\lab\lab7\lab7\Debug\Lab7.exe" /INCREMENTAL /ILK:"Debug\Lab7.ilk" /NOLOGO kernel32.lib user32.lib gdi32.lib winspool.lib comdlg32.lib advapi32.lib shell32.lib ole32.lib oleaut32.lib uuid.lib odbc32.lib odbccp32.lib /MANIFEST /MANIFESTUAC:"level='asInvoker' uiAccess='false'" /manifest:embed /DEBUG /PDB:"D:\study(1sem)\OPI\lab\lab7\lab7\Debug\Lab7.pdb" /SUBSYSTEM:CONSOLE /TLBID:1 /DYNAMICBASE /NXCOMPAT /IMPLIB:"D:\study(1sem)\OPI\lab\lab7\lab7\Debug\Lab7.lib" /MACHINE:X86 Debug\calculate_lat.obj
         Debug\calculate_rus.obj
         Debug\calculate_digit.obj
         Debug\lab7.obj
         Debug\nIterations.obj
         Lab6.vcxproj -> D:\study(1sem)\OPI\lab\lab7\lab7\Debug\Lab7.exe
       TlogCleanup:
         Следующие элементы будут удалены из tlogs, так как они были удалены из проекта или сборки: D:\study\OPI\lab\lab7\lab7\Lab6\calculate_lat.cpp.
       FinalizeBuildStatus:
         Файл "Debug\Lab7.tlog\unsuccessfulbuild" удаляется.
         Обращение к "Debug\Lab7.tlog\Lab7.lastbuildstate".
     1>Сборка проекта "D:\study(1sem)\OPI\lab\lab7\lab7\Lab6\Lab6.vcxproj" завершена (целевые объекты Build).

Сборка успешно завершена.

       "D:\study(1sem)\OPI\lab\lab7\lab7\Lab6\Lab6.vcxproj" (целевой объект Build ) (1) ->
       (Целевой объект PrepareForBuild) -> 
         C:\Program Files\Microsoft Visual Studio\2022\Community\MSBuild\Microsoft\VC\v170\Microsoft.CppBuild.targets(531,5): warning MSB8028: промежуточный каталог (Debug\) содержит файлы, которые используются совместно с другим проектом (Lab6.vcxproj).  Это может привести к ошибкам очистки и перестроения.

    Предупреждений: 1
    Ошибок: 0

Прошло времени 00:00:03.70
