Сборка начата 23.02.2024 12:18:02.
Уровень детализации журнала: Normal.     1>Проект "D:\study(2sem)\KPO\lab\lab1\lab_1and3_manyFile\lab_1and3_manyFile\lab_1and3_manyFile.vcxproj" в узле 2 (целевые объекты Build).
     1>InitializeBuildStatus:
         Обращение к "x64\Debug\lab_1and.97ee82fe.tlog\unsuccessfulbuild".
       ClCompile:
         C:\Program Files\Microsoft Visual Studio\2022\Community\VC\Tools\MSVC\14.37.32822\bin\HostX64\x64\CL.exe /c /ZI /JMC /nologo /W3 /WX- /diagnostics:column /sdl /Od /D _DEBUG /D _CONSOLE /D _UNICODE /D UNICODE /Gm- /EHsc /RTC1 /MDd /GS /fp:precise /Zc:wchar_t /Zc:forScope /Zc:inline /permissive- /Fo"x64\Debug\\" /Fd"x64\Debug\vc143.pdb" /external:W3 /Gd /TP /FC /errorReport:prompt nameMonth.cpp
         nameMonth.cpp
       Link:
         C:\Program Files\Microsoft Visual Studio\2022\Community\VC\Tools\MSVC\14.37.32822\bin\HostX64\x64\link.exe /ERRORREPORT:PROMPT /OUT:"D:\study(2sem)\KPO\lab\lab1\lab_1and3_manyFile\x64\Debug\lab_1and3_manyFile.exe" /INCREMENTAL /ILK:"x64\Debug\lab_1and3_manyFile.ilk" /NOLOGO kernel32.lib user32.lib gdi32.lib winspool.lib comdlg32.lib advapi32.lib shell32.lib ole32.lib oleaut32.lib uuid.lib odbc32.lib odbccp32.lib /MANIFEST /MANIFESTUAC:"level='asInvoker' uiAccess='false'" /manifest:embed /DEBUG /PDB:"D:\study(2sem)\KPO\lab\lab1\lab_1and3_manyFile\x64\Debug\lab_1and3_manyFile.pdb" /SUBSYSTEM:CONSOLE /TLBID:1 /DYNAMICBASE /NXCOMPAT /IMPLIB:"D:\study(2sem)\KPO\lab\lab1\lab_1and3_manyFile\x64\Debug\lab_1and3_manyFile.lib" /MACHINE:X64 x64\Debug\checkIfCorrect.obj
         x64\Debug\countTheEventData.obj
         x64\Debug\getBirthdayNumber.obj
         x64\Debug\getNumber.obj
         x64\Debug\lab_1and3_manyFile.obj
         x64\Debug\nameMonth.obj
         x64\Debug\stdafx.obj
         lab_1and3_manyFile.vcxproj -> D:\study(2sem)\KPO\lab\lab1\lab_1and3_manyFile\x64\Debug\lab_1and3_manyFile.exe
       FinalizeBuildStatus:
         Файл "x64\Debug\lab_1and.97ee82fe.tlog\unsuccessfulbuild" удаляется.
         Обращение к "x64\Debug\lab_1and.97ee82fe.tlog\lab_1and3_manyFile.lastbuildstate".
     1>Сборка проекта "D:\study(2sem)\KPO\lab\lab1\lab_1and3_manyFile\lab_1and3_manyFile\lab_1and3_manyFile.vcxproj" завершена (целевые объекты Build).

Сборка успешно завершена.
    Предупреждений: 0
    Ошибок: 0

Прошло времени 00:00:00.82
