Сборка начата 01.03.2024 14:45:47.
Уровень детализации журнала: Normal.     1>Проект "D:\study(2sem)\KPO\lab\lab1_3\lab_1and3_function\lab_1and3_function\lab_1and3_function.vcxproj" в узле 2 (целевые объекты Build).
     1>InitializeBuildStatus:
         Создание "Debug\lab_1and.3141e632.tlog\unsuccessfulbuild", так как было задано "AlwaysCreate".
         Обращение к "Debug\lab_1and.3141e632.tlog\unsuccessfulbuild".
       ClCompile:
         C:\Program Files\Microsoft Visual Studio\2022\Community\VC\Tools\MSVC\14.37.32822\bin\HostX86\x86\CL.exe /c /ZI /JMC /nologo /W3 /WX- /diagnostics:column /sdl /Od /Oy- /D WIN32 /D _DEBUG /D _CONSOLE /D _UNICODE /D UNICODE /Gm- /EHsc /RTC1 /MDd /GS /fp:precise /Zc:wchar_t /Zc:forScope /Zc:inline /permissive- /Fo"Debug\\" /Fd"Debug\vc143.pdb" /external:W3 /Gd /TP /analyze- /FC /errorReport:prompt lav_1and3.cpp
         lav_1and3.cpp
     1>D:\study(2sem)\KPO\lab\lab1_3\lab_1and3_function\lab_1and3_function\lav_1and3.cpp(55): warning C4715: checkIfCorrect: значение возвращается не при всех путях выполнения
       Link:
         C:\Program Files\Microsoft Visual Studio\2022\Community\VC\Tools\MSVC\14.37.32822\bin\HostX86\x86\link.exe /ERRORREPORT:PROMPT /OUT:"D:\study(2sem)\KPO\lab\lab1_3\lab_1and3_function\Debug\lab_1and3_function.exe" /INCREMENTAL /ILK:"Debug\lab_1and3_function.ilk" /NOLOGO kernel32.lib user32.lib gdi32.lib winspool.lib comdlg32.lib advapi32.lib shell32.lib ole32.lib oleaut32.lib uuid.lib odbc32.lib odbccp32.lib /MANIFEST /MANIFESTUAC:"level='asInvoker' uiAccess='false'" /manifest:embed /DEBUG /PDB:"D:\study(2sem)\KPO\lab\lab1_3\lab_1and3_function\Debug\lab_1and3_function.pdb" /SUBSYSTEM:CONSOLE /TLBID:1 /DYNAMICBASE /NXCOMPAT /IMPLIB:"D:\study(2sem)\KPO\lab\lab1_3\lab_1and3_function\Debug\lab_1and3_function.lib" /MACHINE:X86 Debug\lav_1and3.obj
         lab_1and3_function.vcxproj -> D:\study(2sem)\KPO\lab\lab1_3\lab_1and3_function\Debug\lab_1and3_function.exe
       TlogCleanup:
         Следующие элементы будут удалены из tlogs, так как они были удалены из проекта или сборки: D:\study(2sem)\KPO\lab\lab1\lab_1and3_function\lab_1and3_function\lav_1and3.cpp.
       FinalizeBuildStatus:
         Файл "Debug\lab_1and.3141e632.tlog\unsuccessfulbuild" удаляется.
         Обращение к "Debug\lab_1and.3141e632.tlog\lab_1and3_function.lastbuildstate".
     1>Сборка проекта "D:\study(2sem)\KPO\lab\lab1_3\lab_1and3_function\lab_1and3_function\lab_1and3_function.vcxproj" завершена (целевые объекты Build).

Сборка успешно завершена.

       "D:\study(2sem)\KPO\lab\lab1_3\lab_1and3_function\lab_1and3_function\lab_1and3_function.vcxproj" (целевой объект Build ) (1) ->
       (Целевой объект ClCompile) -> 
         D:\study(2sem)\KPO\lab\lab1_3\lab_1and3_function\lab_1and3_function\lav_1and3.cpp(55): warning C4715: checkIfCorrect: значение возвращается не при всех путях выполнения

    Предупреждений: 1
    Ошибок: 0

Прошло времени 00:00:01.80
