Сборка начата 23.02.2024 12:53:39.
Уровень детализации журнала: Normal.     1>Проект "D:\study(2sem)\KPO\lab\lab1\lab_1and3_function\lab_1and3_function\lab_1and3_function.vcxproj" в узле 2 (целевые объекты Build).
     1>InitializeBuildStatus:
         Создание "x64\Debug\lab_1and.3141e632.tlog\unsuccessfulbuild", так как было задано "AlwaysCreate".
         Обращение к "x64\Debug\lab_1and.3141e632.tlog\unsuccessfulbuild".
       ClCompile:
         C:\Program Files\Microsoft Visual Studio\2022\Community\VC\Tools\MSVC\14.37.32822\bin\HostX64\x64\CL.exe /c /ZI /JMC /nologo /W3 /WX- /diagnostics:column /sdl /Od /D _DEBUG /D _CONSOLE /D _UNICODE /D UNICODE /Gm- /EHsc /RTC1 /MDd /GS /fp:precise /Zc:wchar_t /Zc:forScope /Zc:inline /permissive- /Fo"x64\Debug\\" /Fd"x64\Debug\vc143.pdb" /external:W3 /Gd /TP /FC /errorReport:prompt lav_1and3.cpp
         lav_1and3.cpp
     1>D:\study(2sem)\KPO\lab\lab1\lab_1and3_function\lab_1and3_function\lav_1and3.cpp(55): warning C4715: checkIfCorrect: значение возвращается не при всех путях выполнения
       Link:
         C:\Program Files\Microsoft Visual Studio\2022\Community\VC\Tools\MSVC\14.37.32822\bin\HostX64\x64\link.exe /ERRORREPORT:PROMPT /OUT:"D:\study(2sem)\KPO\lab\lab1\lab_1and3_function\x64\Debug\lab_1and3_function.exe" /INCREMENTAL /ILK:"x64\Debug\lab_1and3_function.ilk" /NOLOGO kernel32.lib user32.lib gdi32.lib winspool.lib comdlg32.lib advapi32.lib shell32.lib ole32.lib oleaut32.lib uuid.lib odbc32.lib odbccp32.lib /MANIFEST /MANIFESTUAC:"level='asInvoker' uiAccess='false'" /manifest:embed /DEBUG /PDB:"D:\study(2sem)\KPO\lab\lab1\lab_1and3_function\x64\Debug\lab_1and3_function.pdb" /SUBSYSTEM:CONSOLE /TLBID:1 /DYNAMICBASE /NXCOMPAT /IMPLIB:"D:\study(2sem)\KPO\lab\lab1\lab_1and3_function\x64\Debug\lab_1and3_function.lib" /MACHINE:X64 x64\Debug\lav_1and3.obj
         lab_1and3_function.vcxproj -> D:\study(2sem)\KPO\lab\lab1\lab_1and3_function\x64\Debug\lab_1and3_function.exe
       FinalizeBuildStatus:
         Файл "x64\Debug\lab_1and.3141e632.tlog\unsuccessfulbuild" удаляется.
         Обращение к "x64\Debug\lab_1and.3141e632.tlog\lab_1and3_function.lastbuildstate".
     1>Сборка проекта "D:\study(2sem)\KPO\lab\lab1\lab_1and3_function\lab_1and3_function\lab_1and3_function.vcxproj" завершена (целевые объекты Build).

Сборка успешно завершена.

       "D:\study(2sem)\KPO\lab\lab1\lab_1and3_function\lab_1and3_function\lab_1and3_function.vcxproj" (целевой объект Build ) (1) ->
       (Целевой объект ClCompile) -> 
         D:\study(2sem)\KPO\lab\lab1\lab_1and3_function\lab_1and3_function\lav_1and3.cpp(55): warning C4715: checkIfCorrect: значение возвращается не при всех путях выполнения

    Предупреждений: 1
    Ошибок: 0

Прошло времени 00:00:01.16
